<?xml version="1.0" encoding="UTF-8"?>
<!-- Generated by org.testng.reporters.JUnitXMLReporter -->
<testsuite hostname="DESKTOP-O6MA943" ignored="0" name="Title" tests="2" failures="1" timestamp="2022-02-12T06:05:14 IST" time="23.842" errors="0">
  <testcase name="PageNavigation" time="0.124" classname="Academy.validateTitle">
    <failure type="java.lang.AssertionError" message="expected [FEATURED 1COURSES] but found [FEATURED COURSES]">
      <![CDATA[java.lang.AssertionError: expected [FEATURED 1COURSES] but found [FEATURED COURSES]
at Academy.validateTitle.PageNavigation(validateTitle.java:38)
at java.util.ArrayList.forEach(Unknown Source)
at java.util.concurrent.FutureTask.run(Unknown Source)
at java.util.concurrent.ThreadPoolExecutor.runWorker(Unknown Source)
at java.util.concurrent.ThreadPoolExecutor$Worker.run(Unknown Source)
at java.lang.Thread.run(Unknown Source)
... Removed 24 stack frames]]>
    </failure>
  </testcase> <!-- PageNavigation -->
  <testcase name="validateHeadder" time="0.367" classname="Academy.validateTitle"/>
</testsuite> <!-- Title -->
