<?xml version="1.0" encoding="UTF-8"?>
<!-- Generated by org.testng.reporters.JUnitXMLReporter -->
<testsuite hostname="DESKTOP-O6MA943" ignored="0" name="Title" tests="2" failures="1" timestamp="2022-02-28T05:58:52 IST" time="44.023" errors="0">
  <testcase name="PageNavigation" time="0.37" classname="Academy.validateTitle">
    <failure type="java.lang.AssertionError" message="expected [FEATURED 1COURSES] but found [FEATURED COURSES]">
      <![CDATA[java.lang.AssertionError: expected [FEATURED 1COURSES] but found [FEATURED COURSES]
at Academy.validateTitle.PageNavigation(validateTitle.java:38)
at java.util.ArrayList.forEach(ArrayList.java:1257)
at java.util.concurrent.FutureTask.run(FutureTask.java:266)
at java.util.concurrent.ThreadPoolExecutor.runWorker(ThreadPoolExecutor.java:1149)
at java.util.concurrent.ThreadPoolExecutor$Worker.run(ThreadPoolExecutor.java:624)
at java.lang.Thread.run(Thread.java:748)
... Removed 24 stack frames]]>
    </failure>
  </testcase> <!-- PageNavigation -->
  <testcase name="validateHeadder" time="14.428" classname="Academy.validateTitle"/>
</testsuite> <!-- Title -->
